  main.cpp
f:\grayleaf\git\程序\光线追踪\光线追踪\光线追踪\tool.h(9): warning C4244: “参数”: 从“time_t”转换到“unsigned int”，可能丢失数据
f:\grayleaf\git\程序\光线追踪\光线追踪\光线追踪\tool.h(13): warning C4244: “return”: 从“double”转换到“float”，可能丢失数据
f:\grayleaf\git\程序\光线追踪\光线追踪\光线追踪\objecttexture.h(53): warning C4267: “+=”: 从“size_t”转换到“int”，可能丢失数据
f:\grayleaf\git\程序\光线追踪\光线追踪\光线追踪\objecttexture.h(55): warning C4267: “+=”: 从“size_t”转换到“int”，可能丢失数据
f:\grayleaf\git\程序\光线追踪\光线追踪\光线追踪\objecttexture.h(62): warning C4244: “参数”: 从“double”转换到“float”，可能丢失数据
f:\grayleaf\git\程序\光线追踪\光线追踪\光线追踪\objecttexture.h(62): warning C4244: “初始化”: 从“float”转换到“int”，可能丢失数据
f:\grayleaf\git\程序\光线追踪\光线追踪\光线追踪\objecttexture.h(64): warning C4244: “参数”: 从“double”转换到“float”，可能丢失数据
f:\grayleaf\git\程序\光线追踪\光线追踪\光线追踪\objecttexture.h(64): warning C4244: “初始化”: 从“float”转换到“int”，可能丢失数据
f:\grayleaf\git\程序\光线追踪\光线追踪\光线追踪\objecttexture.h(101): warning C4244: “=”: 从“_Ty”转换到“float”，可能丢失数据
          with
          [
              _Ty=unsigned int
          ]
  正在生成代码
  32 of 1003 functions ( 3.2%) were compiled, the rest were copied from previous compilation.
    0 functions were new in current compilation
    17 functions had inline decision re-evaluated but remain unchanged
  已完成代码的生成
  光线追踪.vcxproj -> F:\grayleaf\git\程序\光线追踪\光线追踪\x64\Release\光线追踪.exe
